#
# There is insufficient memory for the Java Runtime Environment to continue.
# Native memory allocation (mmap) failed to map 93847552 bytes for committing reserved memory.
# Possible reasons:
#   The system is out of physical RAM or swap space
#   In 32 bit mode, the process size limit was hit
# Possible solutions:
#   Reduce memory load on the system
#   Increase physical memory or swap space
#   Check if swap backing store is full
#   Use 64 bit Java on a 64 bit OS
#   Decrease Java heap size (-Xmx/-Xms)
#   Decrease number of Java threads
#   Decrease Java thread stack sizes (-Xss)
#   Set larger code cache with -XX:ReservedCodeCacheSize=
# This output file may be truncated or incomplete.
#
#  Out of Memory Error (os_linux.cpp:2627), pid=4736, tid=0x00007ffabfdfd700
#
# JRE version: Java(TM) SE Runtime Environment (8.0_101-b13) (build 1.8.0_101-b13)
# Java VM: Java HotSpot(TM) 64-Bit Server VM (25.101-b13 mixed mode linux-amd64 compressed oops)
# Failed to write core dump. Core dumps have been disabled. To enable core dumping, try "ulimit -c unlimited" before starting Java again
#

---------------  T H R E A D  ---------------

Current thread (0x00007ffad8079800):  VMThread [stack: 0x00007ffabfcfd000,0x00007ffabfdfe000] [id=4760]

Stack: [0x00007ffabfcfd000,0x00007ffabfdfe000],  sp=0x00007ffabfdfc120,  free space=1020k
Native frames: (J=compiled Java code, j=interpreted, Vv=VM code, C=native code)
V  [libjvm.so+0xac3f0a]  VMError::report_and_die()+0x2ba
V  [libjvm.so+0x4fbf9b]  report_vm_out_of_memory(char const*, int, unsigned long, VMErrorType, char const*)+0x8b
V  [libjvm.so+0x9222d3]  os::Linux::commit_memory_impl(char*, unsigned long, bool)+0x103
V  [libjvm.so+0x922829]  os::pd_commit_memory(char*, unsigned long, unsigned long, bool)+0x29
V  [libjvm.so+0x91cb2a]  os::commit_memory(char*, unsigned long, unsigned long, bool)+0x2a
V  [libjvm.so+0x991053]  PSVirtualSpace::expand_by(unsigned long)+0x53
V  [libjvm.so+0x992458]  PSYoungGen::resize_generation(unsigned long, unsigned long)+0xf8
V  [libjvm.so+0x9915b2]  PSYoungGen::resize(unsigned long, unsigned long)+0x22
V  [libjvm.so+0x98e88b]  PSScavenge::invoke_no_policy()+0xf3b
V  [libjvm.so+0x98f011]  PSScavenge::invoke()+0x41
V  [libjvm.so+0x945fc0]  ParallelScavengeHeap::failed_mem_allocate(unsigned long)+0x70
V  [libjvm.so+0xac5927]  VM_ParallelGCFailedAllocation::doit()+0x97
V  [libjvm.so+0xacd405]  VM_Operation::evaluate()+0x55
V  [libjvm.so+0xacb7da]  VMThread::evaluate_operation(VM_Operation*)+0xba
V  [libjvm.so+0xacbb5e]  VMThread::loop()+0x1ce
V  [libjvm.so+0xacbfd0]  VMThread::run()+0x70
V  [libjvm.so+0x924698]  java_start(Thread*)+0x108

VM_Operation (0x00007ffabd1a19d0): ParallelGCFailedAllocation, mode: safepoint, requested by thread 0x00007ffa68025800


---------------  P R O C E S S  ---------------

Java Threads: ( => current thread )
  0x00007ffa849d5800 JavaThread "http-nio-8080-exec-1" daemon [_thread_blocked, id=6431, stack(0x00007ffabd3a4000,0x00007ffabd4a5000)]
  0x00007ffa68075800 JavaThread "http-nio-8080-AsyncTimeout" daemon [_thread_blocked, id=6398, stack(0x00007ffabf082000,0x00007ffabf183000)]
  0x00007ffa68074000 JavaThread "http-nio-8080-Acceptor-0" daemon [_thread_in_native, id=6397, stack(0x00007ffabe55f000,0x00007ffabe660000)]
  0x00007ffa68073000 JavaThread "http-nio-8080-ClientPoller-1" daemon [_thread_blocked, id=6396, stack(0x00007ffabef81000,0x00007ffabf082000)]
  0x00007ffa68059000 JavaThread "http-nio-8080-ClientPoller-0" daemon [_thread_blocked, id=6395, stack(0x00007ffabc69d000,0x00007ffabc79e000)]
  0x00007ffa6803f800 JavaThread "NioBlockingSelector.BlockPoller-8" daemon [_thread_blocked, id=6394, stack(0x00007ffabc79e000,0x00007ffabc89f000)]
  0x00007ffa68025800 JavaThread "File Watcher" daemon [_thread_blocked, id=6393, stack(0x00007ffabd0a3000,0x00007ffabd1a4000)]
  0x00007ffa68021800 JavaThread "container-0" [_thread_blocked, id=6392, stack(0x00007ffabc89f000,0x00007ffabc9a0000)]
  0x00007ffa68021000 JavaThread "ContainerBackgroundProcessor[StandardEngine[Tomcat]]" daemon [_thread_blocked, id=6391, stack(0x00007ffabcaa1000,0x00007ffabcba2000)]
  0x00007ffad800b800 JavaThread "DestroyJavaVM" [_thread_blocked, id=4754, stack(0x00007ffade251000,0x00007ffade352000)]
  0x00007ffa849a7000 JavaThread "Live Reload Server" daemon [_thread_in_native, id=4824, stack(0x00007ffabc9a0000,0x00007ffabcaa1000)]
  0x00007ffad80dc800 JavaThread "Service Thread" daemon [_thread_blocked, id=4767, stack(0x00007ffabf31e000,0x00007ffabf41f000)]
  0x00007ffad80bf000 JavaThread "C1 CompilerThread2" daemon [_thread_blocked, id=4766, stack(0x00007ffabf41f000,0x00007ffabf520000)]
  0x00007ffad80bd800 JavaThread "C2 CompilerThread1" daemon [_thread_blocked, id=4765, stack(0x00007ffabf520000,0x00007ffabf621000)]
  0x00007ffad80ba800 JavaThread "C2 CompilerThread0" daemon [_thread_blocked, id=4764, stack(0x00007ffabf621000,0x00007ffabf722000)]
  0x00007ffad80b9000 JavaThread "Signal Dispatcher" daemon [_thread_blocked, id=4763, stack(0x00007ffabf722000,0x00007ffabf823000)]
  0x00007ffad8085800 JavaThread "Finalizer" daemon [_thread_blocked, id=4762, stack(0x00007ffabfafb000,0x00007ffabfbfc000)]
  0x00007ffad8081000 JavaThread "Reference Handler" daemon [_thread_blocked, id=4761, stack(0x00007ffabfbfc000,0x00007ffabfcfd000)]

Other Threads:
=>0x00007ffad8079800 VMThread [stack: 0x00007ffabfcfd000,0x00007ffabfdfe000] [id=4760]
  0x00007ffad80df800 WatcherThread [stack: 0x00007ffabf21d000,0x00007ffabf31e000] [id=4768]

VM state:at safepoint (normal execution)

VM Mutex/Monitor currently owned by a thread:  ([mutex/lock_event])
[0x00007ffad8007f50] Threads_lock - owner thread: 0x00007ffad8079800
[0x00007ffad8008450] Heap_lock - owner thread: 0x00007ffa68025800

Heap:
 PSYoungGen      total 202240K, used 4263K [0x00000000ec100000, 0x00000000f8f00000, 0x0000000100000000)
  eden space 193536K, 0% used [0x00000000ec100000,0x00000000ec100000,0x00000000f7e00000)
  from space 8704K, 48% used [0x00000000f7e00000,0x00000000f8229f98,0x00000000f8680000)
  to   space 8192K, 0% used [0x00000000f8700000,0x00000000f8700000,0x00000000f8f00000)
 ParOldGen       total 49664K, used 21730K [0x00000000c4200000, 0x00000000c7280000, 0x00000000ec100000)
  object space 49664K, 43% used [0x00000000c4200000,0x00000000c5738be8,0x00000000c7280000)
 Metaspace       used 40160K, capacity 41338K, committed 41600K, reserved 1085440K
  class space    used 4720K, capacity 4889K, committed 4992K, reserved 1048576K

Card table byte_map: [0x00007ffac7dd9000,0x00007ffac7fb9000] byte_map_base: 0x00007ffac77b8000

Marking Bits: (ParMarkBitMap*) 0x00007ffadd721120
 Begin Bits: [0x00007ffac5aa5000, 0x00007ffac699d000)
 End Bits:   [0x00007ffac699d000, 0x00007ffac7895000)

Polling page: 0x00007ffade370000

CodeCache: size=245760Kb used=20422Kb max_used=20592Kb free=225337Kb
 bounds [0x00007ffac8379000, 0x00007ffac97c9000, 0x00007ffad7379000]
 total_blobs=5611 nmethods=4901 adapters=623
 compilation: enabled

Compilation events (10 events):
Event: 1300.330 Thread 0x00007ffad80bf000 6087       1       org.apache.catalina.core.StandardContext::getLoginConfig (5 bytes)
Event: 1300.346 Thread 0x00007ffad80bf000 nmethod 6087 0x00007ffac89aeed0 code [0x00007ffac89af020, 0x00007ffac89af130]
Event: 1377.042 Thread 0x00007ffad80bd800 6088   !   4       java.util.AbstractSet::equals (48 bytes)
Event: 1377.089 Thread 0x00007ffad80bd800 nmethod 6088 0x00007ffac89c2750 code [0x00007ffac89c28c0, 0x00007ffac89c2ab8]
Event: 1381.118 Thread 0x00007ffad80ba800 6089       4       org.springframework.boot.devtools.filewatch.FolderSnapshot::filter (72 bytes)
Event: 1381.125 Thread 0x00007ffad80ba800 nmethod 6089 0x00007ffac84a0810 code [0x00007ffac84a0960, 0x00007ffac84a09d8]
Event: 1388.203 Thread 0x00007ffad80bd800 6090   !   4       org.apache.tomcat.util.net.NioEndpoint$Poller::events (81 bytes)
Event: 1388.290 Thread 0x00007ffad80bd800 nmethod 6090 0x00007ffac8aef990 code [0x00007ffac8aefb40, 0x00007ffac8af03c8]
Event: 1510.564 Thread 0x00007ffad80bf000 6091   !   3       org.apache.catalina.core.StandardContext::getLoader (38 bytes)
Event: 1511.313 Thread 0x00007ffad80bf000 nmethod 6091 0x00007ffac89a4710 code [0x00007ffac89a4920, 0x00007ffac89a5338]

GC Heap History (10 events):
Event: 463.076 GC heap after
Heap after GC invocations=25 (full 7):
 PSYoungGen      total 202752K, used 0K [0x00000000ec100000, 0x00000000f9000000, 0x0000000100000000)
  eden space 193536K, 0% used [0x00000000ec100000,0x00000000ec100000,0x00000000f7e00000)
  from space 9216K, 0% used [0x00000000f8700000,0x00000000f8700000,0x00000000f9000000)
  to   space 9216K, 0% used [0x00000000f7e00000,0x00000000f7e00000,0x00000000f8700000)
 ParOldGen       total 49664K, used 21663K [0x00000000c4200000, 0x00000000c7280000, 0x00000000ec100000)
  object space 49664K, 43% used [0x00000000c4200000,0x00000000c5727cc8,0x00000000c7280000)
 Metaspace       used 39031K, capacity 39834K, committed 40064K, reserved 1085440K
  class space    used 4600K, capacity 4727K, committed 4736K, reserved 1048576K
}
Event: 580.797 GC heap before
{Heap before GC invocations=26 (full 7):
 PSYoungGen      total 202752K, used 149215K [0x00000000ec100000, 0x00000000f9000000, 0x0000000100000000)
  eden space 193536K, 77% used [0x00000000ec100000,0x00000000f52b7d90,0x00000000f7e00000)
  from space 9216K, 0% used [0x00000000f8700000,0x00000000f8700000,0x00000000f9000000)
  to   space 9216K, 0% used [0x00000000f7e00000,0x00000000f7e00000,0x00000000f8700000)
 ParOldGen       total 49664K, used 21663K [0x00000000c4200000, 0x00000000c7280000, 0x00000000ec100000)
  object space 49664K, 43% used [0x00000000c4200000,0x00000000c5727cc8,0x00000000c7280000)
 Metaspace       used 39214K, capacity 40108K, committed 40448K, reserved 1085440K
  class space    used 4615K, capacity 4753K, committed 4864K, reserved 1048576K
Event: 580.799 GC heap after
Heap after GC invocations=26 (full 7):
 PSYoungGen      total 202752K, used 1785K [0x00000000ec100000, 0x00000000f9000000, 0x0000000100000000)
  eden space 193536K, 0% used [0x00000000ec100000,0x00000000ec100000,0x00000000f7e00000)
  from space 9216K, 19% used [0x00000000f7e00000,0x00000000f7fbe468,0x00000000f8700000)
  to   space 9216K, 0% used [0x00000000f8700000,0x00000000f8700000,0x00000000f9000000)
 ParOldGen       total 49664K, used 21671K [0x00000000c4200000, 0x00000000c7280000, 0x00000000ec100000)
  object space 49664K, 43% used [0x00000000c4200000,0x00000000c5729cc8,0x00000000c7280000)
 Metaspace       used 39214K, capacity 40108K, committed 40448K, reserved 1085440K
  class space    used 4615K, capacity 4753K, committed 4864K, reserved 1048576K
}
Event: 580.799 GC heap before
{Heap before GC invocations=27 (full 8):
 PSYoungGen      total 202752K, used 1785K [0x00000000ec100000, 0x00000000f9000000, 0x0000000100000000)
  eden space 193536K, 0% used [0x00000000ec100000,0x00000000ec100000,0x00000000f7e00000)
  from space 9216K, 19% used [0x00000000f7e00000,0x00000000f7fbe468,0x00000000f8700000)
  to   space 9216K, 0% used [0x00000000f8700000,0x00000000f8700000,0x00000000f9000000)
 ParOldGen       total 49664K, used 21671K [0x00000000c4200000, 0x00000000c7280000, 0x00000000ec100000)
  object space 49664K, 43% used [0x00000000c4200000,0x00000000c5729cc8,0x00000000c7280000)
 Metaspace       used 39214K, capacity 40108K, committed 40448K, reserved 1085440K
  class space    used 4615K, capacity 4753K, committed 4864K, reserved 1048576K
Event: 581.031 GC heap after
Heap after GC invocations=27 (full 8):
 PSYoungGen      total 202752K, used 0K [0x00000000ec100000, 0x00000000f9000000, 0x0000000100000000)
  eden space 193536K, 0% used [0x00000000ec100000,0x00000000ec100000,0x00000000f7e00000)
  from space 9216K, 0% used [0x00000000f7e00000,0x00000000f7e00000,0x00000000f8700000)
  to   space 9216K, 0% used [0x00000000f8700000,0x00000000f8700000,0x00000000f9000000)
 ParOldGen       total 49664K, used 21704K [0x00000000c4200000, 0x00000000c7280000, 0x00000000ec100000)
  object space 49664K, 43% used [0x00000000c4200000,0x00000000c57320b0,0x00000000c7280000)
 Metaspace       used 39211K, capacity 40102K, committed 40448K, reserved 1085440K
  class space    used 4615K, capacity 4751K, committed 4864K, reserved 1048576K
}
Event: 609.229 GC heap before
{Heap before GC invocations=28 (full 8):
 PSYoungGen      total 202752K, used 137937K [0x00000000ec100000, 0x00000000f9000000, 0x0000000100000000)
  eden space 193536K, 71% used [0x00000000ec100000,0x00000000f47b4700,0x00000000f7e00000)
  from space 9216K, 0% used [0x00000000f7e00000,0x00000000f7e00000,0x00000000f8700000)
  to   space 9216K, 0% used [0x00000000f8700000,0x00000000f8700000,0x00000000f9000000)
 ParOldGen       total 49664K, used 21704K [0x00000000c4200000, 0x00000000c7280000, 0x00000000ec100000)
  object space 49664K, 43% used [0x00000000c4200000,0x00000000c57320b0,0x00000000c7280000)
 Metaspace       used 39297K, capacity 40262K, committed 40448K, reserved 1085440K
  class space    used 4619K, capacity 4758K, committed 4864K, reserved 1048576K
Event: 609.234 GC heap after
Heap after GC invocations=28 (full 8):
 PSYoungGen      total 201728K, used 1728K [0x00000000ec100000, 0x00000000f8f00000, 0x0000000100000000)
  eden space 193536K, 0% used [0x00000000ec100000,0x00000000ec100000,0x00000000f7e00000)
  from space 8192K, 21% used [0x00000000f8700000,0x00000000f88b0010,0x00000000f8f00000)
  to   space 8704K, 0% used [0x00000000f7e00000,0x00000000f7e00000,0x00000000f8680000)
 ParOldGen       total 49664K, used 21712K [0x00000000c4200000, 0x00000000c7280000, 0x00000000ec100000)
  object space 49664K, 43% used [0x00000000c4200000,0x00000000c57340b0,0x00000000c7280000)
 Metaspace       used 39297K, capacity 40262K, committed 40448K, reserved 1085440K
  class space    used 4619K, capacity 4758K, committed 4864K, reserved 1048576K
}
Event: 609.234 GC heap before
{Heap before GC invocations=29 (full 9):
 PSYoungGen      total 201728K, used 1728K [0x00000000ec100000, 0x00000000f8f00000, 0x0000000100000000)
  eden space 193536K, 0% used [0x00000000ec100000,0x00000000ec100000,0x00000000f7e00000)
  from space 8192K, 21% used [0x00000000f8700000,0x00000000f88b0010,0x00000000f8f00000)
  to   space 8704K, 0% used [0x00000000f7e00000,0x00000000f7e00000,0x00000000f8680000)
 ParOldGen       total 49664K, used 21712K [0x00000000c4200000, 0x00000000c7280000, 0x00000000ec100000)
  object space 49664K, 43% used [0x00000000c4200000,0x00000000c57340b0,0x00000000c7280000)
 Metaspace       used 39297K, capacity 40262K, committed 40448K, reserved 1085440K
  class space    used 4619K, capacity 4758K, committed 4864K, reserved 1048576K
Event: 609.316 GC heap after
Heap after GC invocations=29 (full 9):
 PSYoungGen      total 201728K, used 0K [0x00000000ec100000, 0x00000000f8f00000, 0x0000000100000000)
  eden space 193536K, 0% used [0x00000000ec100000,0x00000000ec100000,0x00000000f7e00000)
  from space 8192K, 0% used [0x00000000f8700000,0x00000000f8700000,0x00000000f8f00000)
  to   space 8704K, 0% used [0x00000000f7e00000,0x00000000f7e00000,0x00000000f8680000)
 ParOldGen       total 49664K, used 21722K [0x00000000c4200000, 0x00000000c7280000, 0x00000000ec100000)
  object space 49664K, 43% used [0x00000000c4200000,0x00000000c5736be8,0x00000000c7280000)
 Metaspace       used 39295K, capacity 40256K, committed 40448K, reserved 1085440K
  class space    used 4619K, capacity 4756K, committed 4864K, reserved 1048576K
}
Event: 1546.114 GC heap before
{Heap before GC invocations=30 (full 9):
 PSYoungGen      total 201728K, used 193536K [0x00000000ec100000, 0x00000000f8f00000, 0x0000000100000000)
  eden space 193536K, 100% used [0x00000000ec100000,0x00000000f7e00000,0x00000000f7e00000)
  from space 8192K, 0% used [0x00000000f8700000,0x00000000f8700000,0x00000000f8f00000)
  to   space 8704K, 0% used [0x00000000f7e00000,0x00000000f7e00000,0x00000000f8680000)
 ParOldGen       total 49664K, used 21722K [0x00000000c4200000, 0x00000000c7280000, 0x00000000ec100000)
  object space 49664K, 43% used [0x00000000c4200000,0x00000000c5736be8,0x00000000c7280000)
 Metaspace       used 40160K, capacity 41338K, committed 41600K, reserved 1085440K
  class space    used 4720K, capacity 4889K, committed 4992K, reserved 1048576K

Deoptimization events (10 events):
Event: 626.630 Thread 0x00007ffa849d5800 Uncommon trap: reason=bimorphic action=maybe_recompile pc=0x00007ffac8f99444 method=java.util.AbstractList$Itr.next()Ljava/lang/Object; @ 14
Event: 626.639 Thread 0x00007ffa849d5800 Uncommon trap: reason=bimorphic action=maybe_recompile pc=0x00007ffac8f99444 method=java.util.AbstractList$Itr.next()Ljava/lang/Object; @ 14
Event: 626.645 Thread 0x00007ffa849d5800 Uncommon trap: reason=bimorphic action=maybe_recompile pc=0x00007ffac89ae680 method=org.springframework.core.env.MapPropertySource.containsProperty(Ljava/lang/String;)Z @ 8
Event: 626.645 Thread 0x00007ffa849d5800 Uncommon trap: reason=bimorphic action=maybe_recompile pc=0x00007ffac966a82c method=org.springframework.core.env.MapPropertySource.getProperty(Ljava/lang/String;)Ljava/lang/Object; @ 8
Event: 626.646 Thread 0x00007ffa849d5800 Uncommon trap: reason=bimorphic action=maybe_recompile pc=0x00007ffac89ae680 method=org.springframework.core.env.MapPropertySource.containsProperty(Ljava/lang/String;)Z @ 8
Event: 626.646 Thread 0x00007ffa849d5800 Uncommon trap: reason=bimorphic action=maybe_recompile pc=0x00007ffac89ae680 method=org.springframework.core.env.MapPropertySource.containsProperty(Ljava/lang/String;)Z @ 8
Event: 626.646 Thread 0x00007ffa849d5800 Uncommon trap: reason=bimorphic action=maybe_recompile pc=0x00007ffac89ae680 method=org.springframework.core.env.MapPropertySource.containsProperty(Ljava/lang/String;)Z @ 8
Event: 626.648 Thread 0x00007ffa849d5800 Uncommon trap: reason=bimorphic action=maybe_recompile pc=0x00007ffac966a82c method=org.springframework.core.env.MapPropertySource.getProperty(Ljava/lang/String;)Ljava/lang/Object; @ 8
Event: 626.756 Thread 0x00007ffa849d5800 Uncommon trap: reason=unstable_if action=reinterpret pc=0x00007ffac8968760 method=java.util.Properties.load0(Ljava/util/Properties$LineReader;)V @ 80
Event: 626.762 Thread 0x00007ffa849d5800 Uncommon trap: reason=unstable_if action=reinterpret pc=0x00007ffac94d7ab8 method=java.util.Properties.load0(Ljava/util/Properties$LineReader;)V @ 80

Internal exceptions (10 events):
Event: 626.465 Thread 0x00007ffa849d5800 Exception <a 'java/lang/reflect/InvocationTargetException'> (0x00000000f46ee648) thrown at [/HUDSON3/workspace/8-2-build-linux-amd64/jdk8u101/7261/hotspot/src/share/vm/runtime/reflection.cpp, line 1092]
Event: 626.656 Thread 0x00007ffa849d5800 Exception <a 'java/lang/ClassNotFoundException': java/lang/ObjectCustomizer> (0x00000000f490cbd8) thrown at [/HUDSON3/workspace/8-2-build-linux-amd64/jdk8u101/7261/hotspot/src/share/vm/classfile/systemDictionary.cpp, line 210]
Event: 626.656 Thread 0x00007ffa849d5800 Exception <a 'java/lang/ClassNotFoundException': org/springframework/context/support/ApplicationObjectSupportCustomizer> (0x00000000f4922b08) thrown at [/HUDSON3/workspace/8-2-build-linux-amd64/jdk8u101/7261/hotspot/src/share/vm/classfile/systemDictionary
Event: 626.657 Thread 0x00007ffa849d5800 Exception <a 'java/lang/ClassNotFoundException': org/springframework/web/context/support/WebApplicationObjectSupportCustomizer> (0x00000000f493aea0) thrown at [/HUDSON3/workspace/8-2-build-linux-amd64/jdk8u101/7261/hotspot/src/share/vm/classfile/systemDic
Event: 626.658 Thread 0x00007ffa849d5800 Exception <a 'java/lang/ClassNotFoundException': org/thymeleaf/spring4/view/AbstractThymeleafViewCustomizer> (0x00000000f494daf0) thrown at [/HUDSON3/workspace/8-2-build-linux-amd64/jdk8u101/7261/hotspot/src/share/vm/classfile/systemDictionary.cpp, line 2
Event: 626.659 Thread 0x00007ffa849d5800 Exception <a 'java/lang/ClassNotFoundException': org/thymeleaf/spring4/view/ThymeleafViewCustomizer> (0x00000000f496ce70) thrown at [/HUDSON3/workspace/8-2-build-linux-amd64/jdk8u101/7261/hotspot/src/share/vm/classfile/systemDictionary.cpp, line 210]
Event: 626.661 Thread 0x00007ffa849d5800 Exception <a 'java/lang/ClassNotFoundException': org/springframework/web/servlet/ViewCustomizer> (0x00000000f4988890) thrown at [/HUDSON3/workspace/8-2-build-linux-amd64/jdk8u101/7261/hotspot/src/share/vm/classfile/systemDictionary.cpp, line 210]
Event: 626.661 Thread 0x00007ffa849d5800 Exception <a 'java/lang/ClassNotFoundException': org/springframework/beans/factory/BeanNameAwareCustomizer> (0x00000000f499bdf0) thrown at [/HUDSON3/workspace/8-2-build-linux-amd64/jdk8u101/7261/hotspot/src/share/vm/classfile/systemDictionary.cpp, line 21
Event: 626.662 Thread 0x00007ffa849d5800 Exception <a 'java/lang/ClassNotFoundException': org/springframework/web/context/ServletContextAwareCustomizer> (0x00000000f49adf70) thrown at [/HUDSON3/workspace/8-2-build-linux-amd64/jdk8u101/7261/hotspot/src/share/vm/classfile/systemDictionary.cpp, lin
Event: 626.662 Thread 0x00007ffa849d5800 Exception <a 'java/lang/ClassNotFoundException': org/springframework/context/ApplicationContextAwareCustomizer> (0x00000000f49c0170) thrown at [/HUDSON3/workspace/8-2-build-linux-amd64/jdk8u101/7261/hotspot/src/share/vm/classfile/systemDictionary.cpp, lin

Events (10 events):
Event: 842.160 Thread 0x00007ffad80bd800 flushing nmethod 0x00007ffac8b25e90
Event: 853.582 Thread 0x00007ffad80ba800 flushing nmethod 0x00007ffac8c24010
Event: 932.436 Thread 0x00007ffad80bd800 flushing nmethod 0x00007ffac8d573d0
Event: 940.203 Thread 0x00007ffad80bf000 flushing nmethod 0x00007ffac8ee3010
Event: 1090.246 Thread 0x00007ffad80bf000 flushing nmethod 0x00007ffac9109a10
Event: 1113.606 Thread 0x00007ffad80bd800 flushing nmethod 0x00007ffac9305790
Event: 1113.606 Thread 0x00007ffad80bd800 flushing nmethod 0x00007ffac93bfc10
Event: 1120.281 Thread 0x00007ffad80bf000 flushing nmethod 0x00007ffac95845d0
Event: 1300.346 Thread 0x00007ffad80bf000 flushing nmethod 0x00007ffac86268d0
Event: 1546.047 Executing VM operation: ParallelGCFailedAllocation


Dynamic libraries:
00400000-00401000 r-xp 00000000 08:05 9703245                            /usr/lib/jvm/java-8-oracle/bin/java
00600000-00601000 rw-p 00000000 08:05 9703245                            /usr/lib/jvm/java-8-oracle/bin/java
00853000-00874000 rw-p 00000000 00:00 0                                  [heap]
c4200000-c7280000 rw-p 00000000 00:00 0 
c7280000-ec100000 ---p 00000000 00:00 0 
ec100000-f8f00000 rw-p 00000000 00:00 0 
fe880000-100000000 ---p 00000000 00:00 0 
100000000-1004e0000 rw-p 00000000 00:00 0 
1004e0000-140000000 ---p 00000000 00:00 0 
7ffa50000000-7ffa5008f000 rw-p 00000000 00:00 0 
7ffa5008f000-7ffa54000000 ---p 00000000 00:00 0 
7ffa58000000-7ffa58021000 rw-p 00000000 00:00 0 
7ffa58021000-7ffa5c000000 ---p 00000000 00:00 0 
7ffa5c000000-7ffa5c021000 rw-p 00000000 00:00 0 
7ffa5c021000-7ffa60000000 ---p 00000000 00:00 0 
7ffa60000000-7ffa60021000 rw-p 00000000 00:00 0 
7ffa60021000-7ffa64000000 ---p 00000000 00:00 0 
7ffa64000000-7ffa64127000 rw-p 00000000 00:00 0 
7ffa64127000-7ffa68000000 ---p 00000000 00:00 0 
7ffa68000000-7ffa6828d000 rw-p 00000000 00:00 0 
7ffa6828d000-7ffa6c000000 ---p 00000000 00:00 0 
7ffa6c000000-7ffa6c021000 rw-p 00000000 00:00 0 
7ffa6c021000-7ffa70000000 ---p 00000000 00:00 0 
7ffa70000000-7ffa70021000 rw-p 00000000 00:00 0 
7ffa70021000-7ffa74000000 ---p 00000000 00:00 0 
7ffa74000000-7ffa74098000 rw-p 00000000 00:00 0 
7ffa74098000-7ffa78000000 ---p 00000000 00:00 0 
7ffa78000000-7ffa781f5000 rw-p 00000000 00:00 0 
7ffa781f5000-7ffa7c000000 ---p 00000000 00:00 0 
7ffa7c000000-7ffa7c4fb000 rw-p 00000000 00:00 0 
7ffa7c4fb000-7ffa80000000 ---p 00000000 00:00 0 
7ffa80000000-7ffa8008b000 rw-p 00000000 00:00 0 
7ffa8008b000-7ffa84000000 ---p 00000000 00:00 0 
7ffa84000000-7ffa84aac000 rw-p 00000000 00:00 0 
7ffa84aac000-7ffa88000000 ---p 00000000 00:00 0 
7ffa88000000-7ffa88021000 rw-p 00000000 00:00 0 
7ffa88021000-7ffa8c000000 ---p 00000000 00:00 0 
7ffa8c000000-7ffa8c021000 rw-p 00000000 00:00 0 
7ffa8c021000-7ffa90000000 ---p 00000000 00:00 0 
7ffa90000000-7ffa92f0a000 rw-p 00000000 00:00 0 
7ffa92f0a000-7ffa94000000 ---p 00000000 00:00 0 
7ffa94000000-7ffa94b1d000 rw-p 00000000 00:00 0 
7ffa94b1d000-7ffa98000000 ---p 00000000 00:00 0 
7ffa98000000-7ffa98021000 rw-p 00000000 00:00 0 
7ffa98021000-7ffa9c000000 ---p 00000000 00:00 0 
7ffa9c000000-7ffa9ebfc000 rw-p 00000000 00:00 0 
7ffa9ebfc000-7ffaa0000000 ---p 00000000 00:00 0 
7ffaa0000000-7ffaa0021000 rw-p 00000000 00:00 0 
7ffaa0021000-7ffaa4000000 ---p 00000000 00:00 0 
7ffaa4000000-7ffaa4021000 rw-p 00000000 00:00 0 
7ffaa4021000-7ffaa8000000 ---p 00000000 00:00 0 
7ffaa8000000-7ffaa802c000 rw-p 00000000 00:00 0 
7ffaa802c000-7ffaac000000 ---p 00000000 00:00 0 
7ffaac000000-7ffaac28f000 rw-p 00000000 00:00 0 
7ffaac28f000-7ffab0000000 ---p 00000000 00:00 0 
7ffab0000000-7ffab0021000 rw-p 00000000 00:00 0 
7ffab0021000-7ffab4000000 ---p 00000000 00:00 0 
7ffab73c5000-7ffab7585000 rw-p 00000000 00:00 0 
7ffab7585000-7ffab75c5000 ---p 00000000 00:00 0 
7ffab75c5000-7ffab77c5000 rw-p 00000000 00:00 0 
7ffab77c5000-7ffab77dc000 r-xp 00000000 08:05 7344129                    /lib/x86_64-linux-gnu/libresolv-2.23.so
7ffab77dc000-7ffab79dc000 ---p 00017000 08:05 7344129                    /lib/x86_64-linux-gnu/libresolv-2.23.so
7ffab79dc000-7ffab79dd000 r--p 00017000 08:05 7344129                    /lib/x86_64-linux-gnu/libresolv-2.23.so
7ffab79dd000-7ffab79de000 rw-p 00018000 08:05 7344129                    /lib/x86_64-linux-gnu/libresolv-2.23.so
7ffab79de000-7ffab79e0000 rw-p 00000000 00:00 0 
7ffab79e0000-7ffab79e5000 r-xp 00000000 08:05 7344157                    /lib/x86_64-linux-gnu/libnss_dns-2.23.so
7ffab79e5000-7ffab7be5000 ---p 00005000 08:05 7344157                    /lib/x86_64-linux-gnu/libnss_dns-2.23.so
7ffab7be5000-7ffab7be6000 r--p 00005000 08:05 7344157                    /lib/x86_64-linux-gnu/libnss_dns-2.23.so
7ffab7be6000-7ffab7be7000 rw-p 00006000 08:05 7344157                    /lib/x86_64-linux-gnu/libnss_dns-2.23.so
7ffab7be7000-7ffab7be9000 r-xp 00000000 08:05 7344145                    /lib/x86_64-linux-gnu/libnss_mdns4_minimal.so.2
7ffab7be9000-7ffab7de8000 ---p 00002000 08:05 7344145                    /lib/x86_64-linux-gnu/libnss_mdns4_minimal.so.2
7ffab7de8000-7ffab7de9000 r--p 00001000 08:05 7344145                    /lib/x86_64-linux-gnu/libnss_mdns4_minimal.so.2
7ffab7de9000-7ffab7dea000 rw-p 00002000 08:05 7344145                    /lib/x86_64-linux-gnu/libnss_mdns4_minimal.so.2
7ffab7dea000-7ffab7e00000 r-xp 00000000 08:05 7344004                    /lib/x86_64-linux-gnu/libgcc_s.so.1
7ffab7e00000-7ffab7fff000 ---p 00016000 08:05 7344004                    /lib/x86_64-linux-gnu/libgcc_s.so.1
7ffab7fff000-7ffab8000000 rw-p 00015000 08:05 7344004                    /lib/x86_64-linux-gnu/libgcc_s.so.1
7ffab8000000-7ffab8021000 rw-p 00000000 00:00 0 
7ffab8021000-7ffabc000000 ---p 00000000 00:00 0 
7ffabc028000-7ffabc02e000 r--s 0003f000 08:05 10226897                   /usr/lib/jvm/java-8-oracle/jre/lib/ext/sunjce_provider.jar
7ffabc02e000-7ffabc04a000 r--s 00393000 08:05 10226898                   /usr/lib/jvm/java-8-oracle/jre/lib/ext/cldrdata.jar
7ffabc04a000-7ffabc054000 r--s 00116000 08:05 10226896                   /usr/lib/jvm/java-8-oracle/jre/lib/ext/localedata.jar
7ffabc054000-7ffabc086000 r-xp 00000000 08:05 10359396                   /usr/lib/jvm/java-8-oracle/jre/lib/amd64/libsunec.so
7ffabc086000-7ffabc285000 ---p 00032000 08:05 10359396                   /usr/lib/jvm/java-8-oracle/jre/lib/amd64/libsunec.so
7ffabc285000-7ffabc28b000 rw-p 00031000 08:05 10359396                   /usr/lib/jvm/java-8-oracle/jre/lib/amd64/libsunec.so
7ffabc28b000-7ffabc49b000 rw-p 00000000 00:00 0 
7ffabc49b000-7ffabc49e000 ---p 00000000 00:00 0 
7ffabc49e000-7ffabc59c000 rw-p 00000000 00:00 0 
7ffabc59c000-7ffabc59f000 ---p 00000000 00:00 0 
7ffabc59f000-7ffabc69d000 rw-p 00000000 00:00 0 
7ffabc69d000-7ffabc6a0000 ---p 00000000 00:00 0 
7ffabc6a0000-7ffabc79e000 rw-p 00000000 00:00 0 
7ffabc79e000-7ffabc7a1000 ---p 00000000 00:00 0 
7ffabc7a1000-7ffabc89f000 rw-p 00000000 00:00 0 
7ffabc89f000-7ffabc8a2000 ---p 00000000 00:00 0 
7ffabc8a2000-7ffabc9a0000 rw-p 00000000 00:00 0 
7ffabc9a0000-7ffabc9a3000 ---p 00000000 00:00 0 
7ffabc9a3000-7ffabcaa1000 rw-p 00000000 00:00 0 
7ffabcaa1000-7ffabcaa4000 ---p 00000000 00:00 0 
7ffabcaa4000-7ffabcda2000 rw-p 00000000 00:00 0 
7ffabcda2000-7ffabcfa2000 rw-p 00000000 00:00 0 
7ffabcfa2000-7ffabcfa5000 ---p 00000000 00:00 0 
7ffabcfa5000-7ffabd0a3000 rw-p 00000000 00:00 0 
7ffabd0a3000-7ffabd0a6000 ---p 00000000 00:00 0 
7ffabd0a6000-7ffabd3a4000 rw-p 00000000 00:00 0 
7ffabd3a4000-7ffabd3a7000 ---p 00000000 00:00 0 
7ffabd3a7000-7ffabd6a5000 rw-p 00000000 00:00 0 
7ffabd6a5000-7ffabd6b8000 r--s 00345000 08:05 10098160                   /usr/lib/jvm/java-8-oracle/jre/lib/resources.jar
7ffabd6b8000-7ffabd8b8000 rw-p 00000000 00:00 0 
7ffabd8b8000-7ffabdab8000 rw-p 00000000 00:00 0 
7ffabdab8000-7ffabdb4e000 r--s 01102000 08:05 10226904                   /usr/lib/jvm/java-8-oracle/jre/lib/ext/jfxrt.jar
7ffabdb4e000-7ffabdb5f000 r-xp 00000000 08:05 10359403                   /usr/lib/jvm/java-8-oracle/jre/lib/amd64/libnio.so
7ffabdb5f000-7ffabdd5e000 ---p 00011000 08:05 10359403                   /usr/lib/jvm/java-8-oracle/jre/lib/amd64/libnio.so
7ffabdd5e000-7ffabdd5f000 rw-p 00010000 08:05 10359403                   /usr/lib/jvm/java-8-oracle/jre/lib/amd64/libnio.so
7ffabdd5f000-7ffabdf5f000 rw-p 00000000 00:00 0 
7ffabdf5f000-7ffabe15f000 rw-p 00000000 00:00 0 
7ffabe15f000-7ffabe35f000 rw-p 00000000 00:00 0 
7ffabe35f000-7ffabe55f000 rw-p 00000000 00:00 0 
7ffabe55f000-7ffabe562000 ---p 00000000 00:00 0 
7ffabe562000-7ffabe961000 rw-p 00000000 00:00 0 
7ffabe961000-7ffabe977000 r-xp 00000000 08:05 10359385                   /usr/lib/jvm/java-8-oracle/jre/lib/amd64/libnet.so
7ffabe977000-7ffabeb77000 ---p 00016000 08:05 10359385                   /usr/lib/jvm/java-8-oracle/jre/lib/amd64/libnet.so
7ffabeb77000-7ffabeb78000 rw-p 00016000 08:05 10359385                   /usr/lib/jvm/java-8-oracle/jre/lib/amd64/libnet.so
7ffabeb78000-7ffabeb81000 r-xp 00000000 08:05 10359402                   /usr/lib/jvm/java-8-oracle/jre/lib/amd64/libmanagement.so
7ffabeb81000-7ffabed80000 ---p 00009000 08:05 10359402                   /usr/lib/jvm/java-8-oracle/jre/lib/amd64/libmanagement.so
7ffabed80000-7ffabed81000 rw-p 00008000 08:05 10359402                   /usr/lib/jvm/java-8-oracle/jre/lib/amd64/libmanagement.so
7ffabed81000-7ffabef81000 rw-p 00000000 00:00 0 
7ffabef81000-7ffabef84000 ---p 00000000 00:00 0 
7ffabef84000-7ffabf082000 rw-p 00000000 00:00 0 
7ffabf082000-7ffabf085000 ---p 00000000 00:00 0 
7ffabf085000-7ffabf183000 rw-p 00000000 00:00 0 
7ffabf183000-7ffabf199000 r--s 000fa000 08:05 17302718                   /home/manisnow/.m2/repository/org/springframework/spring-core/4.3.4.RELEASE/spring-core-4.3.4.RELEASE.jar
7ffabf199000-7ffabf1b6000 r--s 000d0000 08:05 17302778                   /home/manisnow/.m2/repository/org/springframework/boot/spring-boot-autoconfigure/1.4.2.RELEASE/spring-boot-autoconfigure-1.4.2.RELEASE.jar
7ffabf1b6000-7ffabf1d0000 r--s 000fc000 08:05 17302776                   /home/manisnow/.m2/repository/org/springframework/spring-context/4.3.4.RELEASE/spring-context-4.3.4.RELEASE.jar
7ffabf1d0000-7ffabf21d000 r--s 0040b000 08:05 17302770                   /home/manisnow/.m2/repository/org/codehaus/groovy/groovy/2.4.7/groovy-2.4.7.jar
7ffabf21d000-7ffabf21e000 ---p 00000000 00:00 0 
7ffabf21e000-7ffabf31e000 rw-p 00000000 00:00 0 
7ffabf31e000-7ffabf321000 ---p 00000000 00:00 0 
7ffabf321000-7ffabf41f000 rw-p 00000000 00:00 0 
7ffabf41f000-7ffabf422000 ---p 00000000 00:00 0 
7ffabf422000-7ffabf520000 rw-p 00000000 00:00 0 
7ffabf520000-7ffabf523000 ---p 00000000 00:00 0 
7ffabf523000-7ffabf621000 rw-p 00000000 00:00 0 
7ffabf621000-7ffabf624000 ---p 00000000 00:00 0 
7ffabf624000-7ffabf722000 rw-p 00000000 00:00 0 
7ffabf722000-7ffabf725000 ---p 00000000 00:00 0 
7ffabf725000-7ffabf823000 rw-p 00000000 00:00 0 
7ffabf823000-7ffabfafb000 r--p 00000000 08:05 8001004                    /usr/lib/locale/locale-archive
7ffabfafb000-7ffabfafe000 ---p 00000000 00:00 0 
7ffabfafe000-7ffabfbfc000 rw-p 00000000 00:00 0 
7ffabfbfc000-7ffabfbff000 ---p 00000000 00:00 0 
7ffabfbff000-7ffabfcfd000 rw-p 00000000 00:00 0 
7ffabfcfd000-7ffabfcfe000 ---p 00000000 00:00 0 
7ffabfcfe000-7ffac0000000 rw-p 00000000 00:00 0 
7ffac0000000-7ffac0021000 rw-p 00000000 00:00 0 
7ffac0021000-7ffac4000000 ---p 00000000 00:00 0 
7ffac4001000-7ffac4004000 r--s 0001a000 08:05 10098193                   /usr/lib/jvm/java-8-oracle/jre/lib/jce.jar
7ffac4004000-7ffac4008000 r--s 00097000 08:05 10098190                   /usr/lib/jvm/java-8-oracle/jre/lib/jsse.jar
7ffac4008000-7ffac400d000 r--s 002f9000 08:05 10098198                   /usr/lib/jvm/java-8-oracle/jre/lib/charsets.jar
7ffac400d000-7ffac401d000 r--s 00091000 08:05 17302774                   /home/manisnow/.m2/repository/org/springframework/boot/spring-boot/1.4.2.RELEASE/spring-boot-1.4.2.RELEASE.jar
7ffac401d000-7ffac4023000 r--s 0002c000 08:05 17302772                   /home/manisnow/.m2/repository/org/springframework/boot/spring-boot-devtools/1.4.2.RELEASE/spring-boot-devtools-1.4.2.RELEASE.jar
7ffac4023000-7ffac4026000 r--s 0001a000 08:05 17302768                   /home/manisnow/.m2/repository/nz/net/ultraq/thymeleaf/thymeleaf-layout-dialect/1.4.0/thymeleaf-layout-dialect-1.4.0.jar
7ffac4026000-7ffac4028000 r--s 00009000 08:05 17302766                   /home/manisnow/.m2/repository/org/slf4j/slf4j-api/1.7.21/slf4j-api-1.7.21.jar
7ffac4028000-7ffac402b000 r--s 00020000 08:05 17302764                   /home/manisnow/.m2/repository/org/unbescape/unbescape/1.1.0.RELEASE/unbescape-1.1.0.RELEASE.jar
7ffac402b000-7ffac4035000 r--s 000ae000 08:05 17302762                   /home/manisnow/.m2/repository/org/javassist/javassist/3.20.0-GA/javassist-3.20.0-GA.jar
7ffac4035000-7ffac4038000 r--s 00035000 08:05 17302760                   /home/manisnow/.m2/repository/ognl/ognl/3.0.8/ognl-3.0.8.jar
7ffac4038000-7ffac4045000 r--s 000b7000 08:05 17302758                   /home/manisnow/.m2/repository/org/thymeleaf/thymeleaf/2.1.5.RELEASE/thymeleaf-2.1.5.RELEASE.jar
7ffac4045000-7ffac4048000 r--s 00034000 08:05 17302756                   /home/manisnow/.m2/repository/org/thymeleaf/thymeleaf-spring4/2.1.5.RELEASE/thymeleaf-spring4-2.1.5.RELEASE.jar
7ffac4048000-7ffac404d000 r--s 0003c000 08:05 17302754                   /home/manisnow/.m2/repository/org/springframework/spring-expression/4.3.4.RELEASE/spring-expression-4.3.4.RELEASE.jar
7ffac404d000-7ffac405f000 r--s 000ce000 08:05 17302752                   /home/manisnow/.m2/repository/org/springframework/spring-webmvc/4.3.4.RELEASE/spring-webmvc-4.3.4.RELEASE.jar
7ffac405f000-7ffac406d000 r--s 000ac000 08:05 17302750                   /home/manisnow/.m2/repository/org/springframework/spring-beans/4.3.4.RELEASE/spring-beans-4.3.4.RELEASE.jar
7ffac406d000-7ffac4076000 r--s 00054000 08:05 17302748                   /home/manisnow/.m2/repository/org/springframework/spring-aop/4.3.4.RELEASE/spring-aop-4.3.4.RELEASE.jar
7ffac4076000-7ffac4087000 r--s 000b6000 08:05 17302746                   /home/manisnow/.m2/repository/org/springframework/spring-web/4.3.4.RELEASE/spring-web-4.3.4.RELEASE.jar
7ffac4087000-7ffac408b000 r--s 00041000 08:05 17302744                   /home/manisnow/.m2/repository/com/fasterxml/jackson/core/jackson-core/2.8.4/jackson-core-2.8.4.jar
7ffac408b000-7ffac408e000 r--s 0000b000 08:05 17302742                   /home/manisnow/.m2/repository/com/fasterxml/jackson/core/jackson-annotations/2.8.4/jackson-annotations-2.8.4.jar
7ffac408e000-7ffac40a0000 r--s 0011c000 08:05 17302740                   /home/manisnow/.m2/repository/com/fasterxml/jackson/core/jackson-databind/2.8.4/jackson-databind-2.8.4.jar
7ffac40a0000-7ffac40b0000 r--s 0009c000 08:05 17302732                   /home/manisnow/.m2/repository/org/hibernate/hibernate-validator/5.2.4.Final/hibernate-validator-5.2.4.Final.jar
7ffac40b0000-7ffac40d9000 r--s 002b2000 08:05 17302726                   /home/manisnow/.m2/repository/org/apache/tomcat/embed/tomcat-embed-core/8.5.6/tomcat-embed-core-8.5.6.jar
7ffac40d9000-7ffac4e77000 rw-p 00000000 00:00 0 
7ffac4e77000-7ffac5050000 r--s 03d29000 08:05 10098161                   /usr/lib/jvm/java-8-oracle/jre/lib/rt.jar
7ffac5050000-7ffac7895000 rw-p 00000000 00:00 0 
7ffac7895000-7ffac7896000 ---p 00000000 00:00 0 
7ffac7896000-7ffac7996000 rw-p 00000000 00:00 0 
7ffac7996000-7ffac7997000 ---p 00000000 00:00 0 
7ffac7997000-7ffac7a97000 rw-p 00000000 00:00 0 
7ffac7a97000-7ffac7a98000 ---p 00000000 00:00 0 
7ffac7a98000-7ffac7b98000 rw-p 00000000 00:00 0 
7ffac7b98000-7ffac7b99000 ---p 00000000 00:00 0 
7ffac7b99000-7ffac7cb2000 rw-p 00000000 00:00 0 
7ffac7cb2000-7ffac7dd9000 ---p 00000000 00:00 0 
7ffac7dd9000-7ffac7df2000 rw-p 00000000 00:00 0 
7ffac7df2000-7ffac7f18000 ---p 00000000 00:00 0 
7ffac7f18000-7ffac7f80000 rw-p 00000000 00:00 0 
7ffac7f80000-7ffac7fb8000 ---p 00000000 00:00 0 
7ffac7fb8000-7ffac800b000 rw-p 00000000 00:00 0 
7ffac800b000-7ffac8379000 ---p 00000000 00:00 0 
7ffac8379000-7ffac97c9000 rwxp 00000000 00:00 0 
7ffac97c9000-7ffad7379000 ---p 00000000 00:00 0 
7ffad7379000-7ffad7393000 r-xp 00000000 08:05 10359405                   /usr/lib/jvm/java-8-oracle/jre/lib/amd64/libzip.so
7ffad7393000-7ffad7593000 ---p 0001a000 08:05 10359405                   /usr/lib/jvm/java-8-oracle/jre/lib/amd64/libzip.so
7ffad7593000-7ffad7594000 rw-p 0001a000 08:05 10359405                   /usr/lib/jvm/java-8-oracle/jre/lib/amd64/libzip.so
7ffad7594000-7ffad759f000 r-xp 00000000 08:05 7344070                    /lib/x86_64-linux-gnu/libnss_files-2.23.so
7ffad759f000-7ffad779e000 ---p 0000b000 08:05 7344070                    /lib/x86_64-linux-gnu/libnss_files-2.23.so
7ffad779e000-7ffad779f000 r--p 0000a000 08:05 7344070                    /lib/x86_64-linux-gnu/libnss_files-2.23.so
7ffad779f000-7ffad77a0000 rw-p 0000b000 08:05 7344070                    /lib/x86_64-linux-gnu/libnss_files-2.23.so
7ffad77a0000-7ffad77a6000 rw-p 00000000 00:00 0 
7ffad77a6000-7ffad77b1000 r-xp 00000000 08:05 7344026                    /lib/x86_64-linux-gnu/libnss_nis-2.23.so
7ffad77b1000-7ffad79b0000 ---p 0000b000 08:05 7344026                    /lib/x86_64-linux-gnu/libnss_nis-2.23.so
7ffad79b0000-7ffad79b1000 r--p 0000a000 08:05 7344026                    /lib/x86_64-linux-gnu/libnss_nis-2.23.so
7ffad79b1000-7ffad79b2000 rw-p 0000b000 08:05 7344026                    /lib/x86_64-linux-gnu/libnss_nis-2.23.so
7ffad79b2000-7ffad79c8000 r-xp 00000000 08:05 7343986                    /lib/x86_64-linux-gnu/libnsl-2.23.so
7ffad79c8000-7ffad7bc7000 ---p 00016000 08:05 7343986                    /lib/x86_64-linux-gnu/libnsl-2.23.so
7ffad7bc7000-7ffad7bc8000 r--p 00015000 08:05 7343986                    /lib/x86_64-linux-gnu/libnsl-2.23.so
7ffad7bc8000-7ffad7bc9000 rw-p 00016000 08:05 7343986                    /lib/x86_64-linux-gnu/libnsl-2.23.so
7ffad7bc9000-7ffad7bcb000 rw-p 00000000 00:00 0 
7ffad7bcb000-7ffad7bd3000 r-xp 00000000 08:05 7340130                    /lib/x86_64-linux-gnu/libnss_compat-2.23.so
7ffad7bd3000-7ffad7dd2000 ---p 00008000 08:05 7340130                    /lib/x86_64-linux-gnu/libnss_compat-2.23.so
7ffad7dd2000-7ffad7dd3000 r--p 00007000 08:05 7340130                    /lib/x86_64-linux-gnu/libnss_compat-2.23.so
7ffad7dd3000-7ffad7dd4000 rw-p 00008000 08:05 7340130                    /lib/x86_64-linux-gnu/libnss_compat-2.23.so
7ffad7dd4000-7ffad7dfe000 r-xp 00000000 08:05 10359362                   /usr/lib/jvm/java-8-oracle/jre/lib/amd64/libjava.so
7ffad7dfe000-7ffad7ffe000 ---p 0002a000 08:05 10359362                   /usr/lib/jvm/java-8-oracle/jre/lib/amd64/libjava.so
7ffad7ffe000-7ffad8000000 rw-p 0002a000 08:05 10359362                   /usr/lib/jvm/java-8-oracle/jre/lib/amd64/libjava.so
7ffad8000000-7ffad8563000 rw-p 00000000 00:00 0 
7ffad8563000-7ffadc000000 ---p 00000000 00:00 0 
7ffadc000000-7ffadc001000 r--s 00009000 08:05 10226894                   /usr/lib/jvm/java-8-oracle/jre/lib/ext/sunec.jar
7ffadc001000-7ffadc003000 r--s 0000e000 08:05 17302738                   /home/manisnow/.m2/repository/com/fasterxml/classmate/1.3.3/classmate-1.3.3.jar
7ffadc003000-7ffadc005000 r--s 0000f000 08:05 17302736                   /home/manisnow/.m2/repository/org/jboss/logging/jboss-logging/3.3.0.Final/jboss-logging-3.3.0.Final.jar
7ffadc005000-7ffadc00a000 r--s 00036000 08:05 17302730                   /home/manisnow/.m2/repository/org/apache/tomcat/embed/tomcat-embed-websocket/8.5.6/tomcat-embed-websocket-8.5.6.jar
7ffadc00a000-7ffadc00f000 r--s 00036000 08:05 17302728                   /home/manisnow/.m2/repository/org/apache/tomcat/embed/tomcat-embed-el/8.5.6/tomcat-embed-el-8.5.6.jar
7ffadc00f000-7ffadc015000 r--s 0003d000 08:05 17302720                   /home/manisnow/.m2/repository/org/yaml/snakeyaml/1.17/snakeyaml-1.17.jar
7ffadc015000-7ffadc01f000 r--s 00069000 08:05 17302710                   /home/manisnow/.m2/repository/ch/qos/logback/logback-core/1.1.7/logback-core-1.1.7.jar
7ffadc01f000-7ffadc040000 rw-p 00000000 00:00 0 
7ffadc040000-7ffadc04d000 r-xp 00000000 08:05 10359414                   /usr/lib/jvm/java-8-oracle/jre/lib/amd64/libverify.so
7ffadc04d000-7ffadc24d000 ---p 0000d000 08:05 10359414                   /usr/lib/jvm/java-8-oracle/jre/lib/amd64/libverify.so
7ffadc24d000-7ffadc24f000 rw-p 0000d000 08:05 10359414                   /usr/lib/jvm/java-8-oracle/jre/lib/amd64/libverify.so
7ffadc24f000-7ffadc256000 r-xp 00000000 08:05 7344149                    /lib/x86_64-linux-gnu/librt-2.23.so
7ffadc256000-7ffadc455000 ---p 00007000 08:05 7344149                    /lib/x86_64-linux-gnu/librt-2.23.so
7ffadc455000-7ffadc456000 r--p 00006000 08:05 7344149                    /lib/x86_64-linux-gnu/librt-2.23.so
7ffadc456000-7ffadc457000 rw-p 00007000 08:05 7344149                    /lib/x86_64-linux-gnu/librt-2.23.so
7ffadc457000-7ffadc55f000 r-xp 00000000 08:05 7344142                    /lib/x86_64-linux-gnu/libm-2.23.so
7ffadc55f000-7ffadc75e000 ---p 00108000 08:05 7344142                    /lib/x86_64-linux-gnu/libm-2.23.so
7ffadc75e000-7ffadc75f000 r--p 00107000 08:05 7344142                    /lib/x86_64-linux-gnu/libm-2.23.so
7ffadc75f000-7ffadc760000 rw-p 00108000 08:05 7344142                    /lib/x86_64-linux-gnu/libm-2.23.so
7ffadc760000-7ffadd42b000 r-xp 00000000 08:05 10359394                   /usr/lib/jvm/java-8-oracle/jre/lib/amd64/server/libjvm.so
7ffadd42b000-7ffadd62a000 ---p 00ccb000 08:05 10359394                   /usr/lib/jvm/java-8-oracle/jre/lib/amd64/server/libjvm.so
7ffadd62a000-7ffadd703000 rw-p 00cca000 08:05 10359394                   /usr/lib/jvm/java-8-oracle/jre/lib/amd64/server/libjvm.so
7ffadd703000-7ffadd74e000 rw-p 00000000 00:00 0 
7ffadd74e000-7ffadd90e000 r-xp 00000000 08:05 7344169                    /lib/x86_64-linux-gnu/libc-2.23.so
7ffadd90e000-7ffaddb0d000 ---p 001c0000 08:05 7344169                    /lib/x86_64-linux-gnu/libc-2.23.so
7ffaddb0d000-7ffaddb11000 r--p 001bf000 08:05 7344169                    /lib/x86_64-linux-gnu/libc-2.23.so
7ffaddb11000-7ffaddb13000 rw-p 001c3000 08:05 7344169                    /lib/x86_64-linux-gnu/libc-2.23.so
7ffaddb13000-7ffaddb17000 rw-p 00000000 00:00 0 
7ffaddb17000-7ffaddb1a000 r-xp 00000000 08:05 7344170                    /lib/x86_64-linux-gnu/libdl-2.23.so
7ffaddb1a000-7ffaddd19000 ---p 00003000 08:05 7344170                    /lib/x86_64-linux-gnu/libdl-2.23.so
7ffaddd19000-7ffaddd1a000 r--p 00002000 08:05 7344170                    /lib/x86_64-linux-gnu/libdl-2.23.so
7ffaddd1a000-7ffaddd1b000 rw-p 00003000 08:05 7344170                    /lib/x86_64-linux-gnu/libdl-2.23.so
7ffaddd1b000-7ffaddd30000 r-xp 00000000 08:05 8785152                    /usr/lib/jvm/java-8-oracle/lib/amd64/jli/libjli.so
7ffaddd30000-7ffaddf30000 ---p 00015000 08:05 8785152                    /usr/lib/jvm/java-8-oracle/lib/amd64/jli/libjli.so
7ffaddf30000-7ffaddf31000 rw-p 00015000 08:05 8785152                    /usr/lib/jvm/java-8-oracle/lib/amd64/jli/libjli.so
7ffaddf31000-7ffaddf49000 r-xp 00000000 08:05 7344158                    /lib/x86_64-linux-gnu/libpthread-2.23.so
7ffaddf49000-7ffade148000 ---p 00018000 08:05 7344158                    /lib/x86_64-linux-gnu/libpthread-2.23.so
7ffade148000-7ffade149000 r--p 00017000 08:05 7344158                    /lib/x86_64-linux-gnu/libpthread-2.23.so
7ffade149000-7ffade14a000 rw-p 00018000 08:05 7344158                    /lib/x86_64-linux-gnu/libpthread-2.23.so
7ffade14a000-7ffade14e000 rw-p 00000000 00:00 0 
7ffade14e000-7ffade174000 r-xp 00000000 08:05 7344152                    /lib/x86_64-linux-gnu/ld-2.23.so
7ffade174000-7ffade178000 r--s 0000c000 08:05 17302734                   /home/manisnow/.m2/repository/javax/validation/validation-api/1.1.0.Final/validation-api-1.1.0.Final.jar
7ffade178000-7ffade179000 r--s 00000000 08:05 17302724                   /home/manisnow/.m2/repository/org/springframework/boot/spring-boot-starter-tomcat/1.4.2.RELEASE/spring-boot-starter-tomcat-1.4.2.RELEASE.jar
7ffade179000-7ffade251000 rw-p 00000000 00:00 0 
7ffade251000-7ffade254000 ---p 00000000 00:00 0 
7ffade254000-7ffade356000 rw-p 00000000 00:00 0 
7ffade356000-7ffade357000 r--s 00000000 08:05 17302722                   /home/manisnow/.m2/repository/org/springframework/boot/spring-boot-starter-web/1.4.2.RELEASE/spring-boot-starter-web-1.4.2.RELEASE.jar
7ffade357000-7ffade359000 r--s 00004000 08:05 17302716                   /home/manisnow/.m2/repository/org/slf4j/log4j-over-slf4j/1.7.21/log4j-over-slf4j-1.7.21.jar
7ffade359000-7ffade35b000 r--s 00000000 08:05 17302714                   /home/manisnow/.m2/repository/org/slf4j/jul-to-slf4j/1.7.21/jul-to-slf4j-1.7.21.jar
7ffade35b000-7ffade35d000 r--s 00003000 08:05 17302712                   /home/manisnow/.m2/repository/org/slf4j/jcl-over-slf4j/1.7.21/jcl-over-slf4j-1.7.21.jar
7ffade35d000-7ffade364000 r--s 00044000 08:05 17302708                   /home/manisnow/.m2/repository/ch/qos/logback/logback-classic/1.1.7/logback-classic-1.1.7.jar
7ffade364000-7ffade365000 r--s 00000000 08:05 17302706                   /home/manisnow/.m2/repository/org/springframework/boot/spring-boot-starter-logging/1.4.2.RELEASE/spring-boot-starter-logging-1.4.2.RELEASE.jar
7ffade365000-7ffade366000 r--s 00000000 08:05 17302704                   /home/manisnow/.m2/repository/org/springframework/boot/spring-boot-starter/1.4.2.RELEASE/spring-boot-starter-1.4.2.RELEASE.jar
7ffade366000-7ffade367000 r--s 00000000 08:05 17302702                   /home/manisnow/.m2/repository/org/springframework/boot/spring-boot-starter-thymeleaf/1.4.2.RELEASE/spring-boot-starter-thymeleaf-1.4.2.RELEASE.jar
7ffade367000-7ffade36f000 rw-s 00000000 08:05 2097321                    /tmp/hsperfdata_manisnow/4736
7ffade36f000-7ffade370000 rw-p 00000000 00:00 0 
7ffade370000-7ffade371000 ---p 00000000 00:00 0 
7ffade371000-7ffade373000 rw-p 00000000 00:00 0 
7ffade373000-7ffade374000 r--p 00025000 08:05 7344152                    /lib/x86_64-linux-gnu/ld-2.23.so
7ffade374000-7ffade375000 rw-p 00026000 08:05 7344152                    /lib/x86_64-linux-gnu/ld-2.23.so
7ffade375000-7ffade376000 rw-p 00000000 00:00 0 
7ffdadf3a000-7ffdadf5d000 rw-p 00000000 00:00 0                          [stack]
7ffdadfc9000-7ffdadfcb000 r--p 00000000 00:00 0                          [vvar]
7ffdadfcb000-7ffdadfcd000 r-xp 00000000 00:00 0                          [vdso]
ffffffffff600000-ffffffffff601000 r-xp 00000000 00:00 0                  [vsyscall]

VM Arguments:
jvm_args: -Dfile.encoding=UTF-8 
java_command: hello.Application
java_class_path (initial): /home/manisnow/Documents/workspace-sts-3.8.2.RELEASE/gs-serving-web-content-complete/target/classes:/home/manisnow/.m2/repository/org/springframework/boot/spring-boot-starter-thymeleaf/1.4.2.RELEASE/spring-boot-starter-thymeleaf-1.4.2.RELEASE.jar:/home/manisnow/.m2/repository/org/springframework/boot/spring-boot-starter/1.4.2.RELEASE/spring-boot-starter-1.4.2.RELEASE.jar:/home/manisnow/.m2/repository/org/springframework/boot/spring-boot-starter-logging/1.4.2.RELEASE/spring-boot-starter-logging-1.4.2.RELEASE.jar:/home/manisnow/.m2/repository/ch/qos/logback/logback-classic/1.1.7/logback-classic-1.1.7.jar:/home/manisnow/.m2/repository/ch/qos/logback/logback-core/1.1.7/logback-core-1.1.7.jar:/home/manisnow/.m2/repository/org/slf4j/jcl-over-slf4j/1.7.21/jcl-over-slf4j-1.7.21.jar:/home/manisnow/.m2/repository/org/slf4j/jul-to-slf4j/1.7.21/jul-to-slf4j-1.7.21.jar:/home/manisnow/.m2/repository/org/slf4j/log4j-over-slf4j/1.7.21/log4j-over-slf4j-1.7.21.jar:/home/manisnow/.m2/repository/org/yaml/snakeyaml/1.17/snakeyaml-1.17.jar:/home/manisnow/.m2/repository/org/springframework/boot/spring-boot-starter-web/1.4.2.RELEASE/spring-boot-starter-web-1.4.2.RELEASE.jar:/home/manisnow/.m2/repository/org/springframework/boot/spring-boot-starter-tomcat/1.4.2.RELEASE/spring-boot-starter-tomcat-1.4.2.RELEASE.jar:/home/manisnow/.m2/repository/org/apache/tomcat/embed/tomcat-embed-core/8.5.6/tomcat-embed-core-8.5.6.jar:/home/manisnow/.m2/repository/org/apache/tomcat/embed/tomcat-embed-el/8.5.6/tomcat-embed-el-8.5.6.jar:/home/manisnow/.m2/repository/org/apache/tomcat/embed/tomcat-embed-websocket/8.5.6/tomcat-embed-websocket-8.5.6.jar:/home/manisnow/.m2/repository/org/hibernate/hibernate-validator/5.2.4.Final/hibernate-validator-5.2.4.Final.jar:/home/manisnow/.m2/repository/javax/validation/validation-api/1.1.0.Final/validation-api-1.1.0.Final.jar:/home/manisnow/.m2/repository/org/jboss/logging/jboss-logging/3.3.0.Final/jboss-logging-3.3.0.Final.jar:/home/manisnow/.
Launcher Type: SUN_STANDARD

Environment Variables:
JAVA_HOME=/usr/lib/jvm/java-8-oracle
PATH=/usr/local/sbin:/usr/local/bin:/usr/sbin:/usr/bin:/sbin:/bin:/usr/games:/usr/local/games:/snap/bin:/usr/lib/jvm/java-8-oracle/bin:/usr/lib/jvm/java-8-oracle/db/bin:/usr/lib/jvm/java-8-oracle/jre/bin
SHELL=/bin/bash
DISPLAY=:0

Signal Handlers:
SIGSEGV: [libjvm.so+0xac4790], sa_mask[0]=11111111011111111101111111111110, sa_flags=SA_RESTART|SA_SIGINFO
SIGBUS: [libjvm.so+0xac4790], sa_mask[0]=11111111011111111101111111111110, sa_flags=SA_RESTART|SA_SIGINFO
SIGFPE: [libjvm.so+0x91f140], sa_mask[0]=11111111011111111101111111111110, sa_flags=SA_RESTART|SA_SIGINFO
SIGPIPE: [libjvm.so+0x91f140], sa_mask[0]=11111111011111111101111111111110, sa_flags=SA_RESTART|SA_SIGINFO
SIGXFSZ: [libjvm.so+0x91f140], sa_mask[0]=11111111011111111101111111111110, sa_flags=SA_RESTART|SA_SIGINFO
SIGILL: [libjvm.so+0x91f140], sa_mask[0]=11111111011111111101111111111110, sa_flags=SA_RESTART|SA_SIGINFO
SIGUSR1: SIG_DFL, sa_mask[0]=00000000000000000000000000000000, sa_flags=none
SIGUSR2: [libjvm.so+0x920770], sa_mask[0]=00100000000000000000000000000000, sa_flags=SA_RESTART|SA_SIGINFO
SIGHUP: [libjvm.so+0x921b70], sa_mask[0]=11111111011111111101111111111110, sa_flags=SA_RESTART|SA_SIGINFO
SIGINT: [libjvm.so+0x921b70], sa_mask[0]=11111111011111111101111111111110, sa_flags=SA_RESTART|SA_SIGINFO
SIGTERM: [libjvm.so+0x921b70], sa_mask[0]=11111111011111111101111111111110, sa_flags=SA_RESTART|SA_SIGINFO
SIGQUIT: [libjvm.so+0x921b70], sa_mask[0]=11111111011111111101111111111110, sa_flags=SA_RESTART|SA_SIGINFO


---------------  S Y S T E M  ---------------

OS:DISTRIB_ID=Ubuntu
DISTRIB_RELEASE=16.04
DISTRIB_CODENAME=xenial
DISTRIB_DESCRIPTION="Ubuntu 16.04.1 LTS"

uname:Linux 4.4.0-38-generic #57-Ubuntu SMP Tue Sep 6 15:42:33 UTC 2016 x86_64
libc:glibc 2.23 NPTL 2.23 
rlimit: STACK 8192k, CORE 0k, NPROC 15150, NOFILE 65536, AS infinity
load average:7.47 3.51 2.20

/proc/meminfo:
MemTotal:        3918672 kB
MemFree:          109716 kB
MemAvailable:      39640 kB
Buffers:            1068 kB
Cached:           551740 kB
SwapCached:         1780 kB
Active:          2817352 kB
Inactive:         808040 kB
Active(anon):    2794540 kB
Inactive(anon):   765344 kB
Active(file):      22812 kB
Inactive(file):    42696 kB
Unevictable:         172 kB
Mlocked:             172 kB
SwapTotal:       1968124 kB
SwapFree:             80 kB
Dirty:                96 kB
Writeback:             0 kB
AnonPages:       3071436 kB
Mapped:           111964 kB
Shmem:            486868 kB
Slab:              77024 kB
SReclaimable:      36868 kB
SUnreclaim:        40156 kB
KernelStack:       11664 kB
PageTables:        48096 kB
NFS_Unstable:          0 kB
Bounce:                0 kB
WritebackTmp:          0 kB
CommitLimit:     3927460 kB
Committed_AS:   10156820 kB
VmallocTotal:   34359738367 kB
VmallocUsed:           0 kB
VmallocChunk:          0 kB
HardwareCorrupted:     0 kB
AnonHugePages:   1093632 kB
CmaTotal:              0 kB
CmaFree:               0 kB
HugePages_Total:       0
HugePages_Free:        0
HugePages_Rsvd:        0
HugePages_Surp:        0
Hugepagesize:       2048 kB
DirectMap4k:      151292 kB
DirectMap2M:     3915776 kB


CPU:total 4 (2 cores per cpu, 2 threads per core) family 6 model 58 stepping 9, cmov, cx8, fxsr, mmx, sse, sse2, sse3, ssse3, sse4.1, sse4.2, popcnt, avx, aes, clmul, erms, ht, tsc, tscinvbit, tscinv

/proc/cpuinfo:
processor	: 0
vendor_id	: GenuineIntel
cpu family	: 6
model		: 58
model name	: Intel(R) Core(TM) i7-3537U CPU @ 2.00GHz
stepping	: 9
microcode	: 0x17
cpu MHz		: 2831.933
cache size	: 4096 KB
physical id	: 0
siblings	: 4
core id		: 0
cpu cores	: 2
apicid		: 0
initial apicid	: 0
fpu		: yes
fpu_exception	: yes
cpuid level	: 13
wp		: yes
flags		: fpu vme de pse tsc msr pae mce cx8 apic sep mtrr pge mca cmov pat pse36 clflush dts acpi mmx fxsr sse sse2 ss ht tm pbe syscall nx rdtscp lm constant_tsc arch_perfmon pebs bts rep_good nopl xtopology nonstop_tsc aperfmperf eagerfpu pni pclmulqdq dtes64 monitor ds_cpl vmx est tm2 ssse3 cx16 xtpr pdcm pcid sse4_1 sse4_2 x2apic popcnt tsc_deadline_timer aes xsave avx f16c rdrand lahf_lm epb tpr_shadow vnmi flexpriority ept vpid fsgsbase smep erms xsaveopt dtherm ida arat pln pts
bugs		:
bogomips	: 4988.28
clflush size	: 64
cache_alignment	: 64
address sizes	: 36 bits physical, 48 bits virtual
power management:

processor	: 1
vendor_id	: GenuineIntel
cpu family	: 6
model		: 58
model name	: Intel(R) Core(TM) i7-3537U CPU @ 2.00GHz
stepping	: 9
microcode	: 0x17
cpu MHz		: 976.367
cache size	: 4096 KB
physical id	: 0
siblings	: 4
core id		: 0
cpu cores	: 2
apicid		: 1
initial apicid	: 1
fpu		: yes
fpu_exception	: yes
cpuid level	: 13
wp		: yes
flags		: fpu vme de pse tsc msr pae mce cx8 apic sep mtrr pge mca cmov pat pse36 clflush dts acpi mmx fxsr sse sse2 ss ht tm pbe syscall nx rdtscp lm constant_tsc arch_perfmon pebs bts rep_good nopl xtopology nonstop_tsc aperfmperf eagerfpu pni pclmulqdq dtes64 monitor ds_cpl vmx est tm2 ssse3 cx16 xtpr pdcm pcid sse4_1 sse4_2 x2apic popcnt tsc_deadline_timer aes xsave avx f16c rdrand lahf_lm epb tpr_shadow vnmi flexpriority ept vpid fsgsbase smep erms xsaveopt dtherm ida arat pln pts
bugs		:
bogomips	: 4988.28
clflush size	: 64
cache_alignment	: 64
address sizes	: 36 bits physical, 48 bits virtual
power management:

processor	: 2
vendor_id	: GenuineIntel
cpu family	: 6
model		: 58
model name	: Intel(R) Core(TM) i7-3537U CPU @ 2.00GHz
stepping	: 9
microcode	: 0x17
cpu MHz		: 866.601
cache size	: 4096 KB
physical id	: 0
siblings	: 4
core id		: 1
cpu cores	: 2
apicid		: 2
initial apicid	: 2
fpu		: yes
fpu_exception	: yes
cpuid level	: 13
wp		: yes
flags		: fpu vme de pse tsc msr pae mce cx8 apic sep mtrr pge mca cmov pat pse36 clflush dts acpi mmx fxsr sse sse2 ss ht tm pbe syscall nx rdtscp lm constant_tsc arch_perfmon pebs bts rep_good nopl xtopology nonstop_tsc aperfmperf eagerfpu pni pclmulqdq dtes64 monitor ds_cpl vmx est tm2 ssse3 cx16 xtpr pdcm pcid sse4_1 sse4_2 x2apic popcnt tsc_deadline_timer aes xsave avx f16c rdrand lahf_lm epb tpr_shadow vnmi flexpriority ept vpid fsgsbase smep erms xsaveopt dtherm ida arat pln pts
bugs		:
bogomips	: 4988.28
clflush size	: 64
cache_alignment	: 64
address sizes	: 36 bits physical, 48 bits virtual
power management:

processor	: 3
vendor_id	: GenuineIntel
cpu family	: 6
model		: 58
model name	: Intel(R) Core(TM) i7-3537U CPU @ 2.00GHz
stepping	: 9
microcode	: 0x17
cpu MHz		: 829.882
cache size	: 4096 KB
physical id	: 0
siblings	: 4
core id		: 1
cpu cores	: 2
apicid		: 3
initial apicid	: 3
fpu		: yes
fpu_exception	: yes
cpuid level	: 13
wp		: yes
flags		: fpu vme de pse tsc msr pae mce cx8 apic sep mtrr pge mca cmov pat pse36 clflush dts acpi mmx fxsr sse sse2 ss ht tm pbe syscall nx rdtscp lm constant_tsc arch_perfmon pebs bts rep_good nopl xtopology nonstop_tsc aperfmperf eagerfpu pni pclmulqdq dtes64 monitor ds_cpl vmx est tm2 ssse3 cx16 xtpr pdcm pcid sse4_1 sse4_2 x2apic popcnt tsc_deadline_timer aes xsave avx f16c rdrand lahf_lm epb tpr_shadow vnmi flexpriority ept vpid fsgsbase smep erms xsaveopt dtherm ida arat pln pts
bugs		:
bogomips	: 4988.28
clflush size	: 64
cache_alignment	: 64
address sizes	: 36 bits physical, 48 bits virtual
power management:



Memory: 4k page, physical 3918672k(109716k free), swap 1968124k(80k free)

vm_info: Java HotSpot(TM) 64-Bit Server VM (25.101-b13) for linux-amd64 JRE (1.8.0_101-b13), built on Jun 22 2016 02:59:44 by "java_re" with gcc 4.3.0 20080428 (Red Hat 4.3.0-8)

time: Sun Nov 27 11:49:19 2016
elapsed time: 1570 seconds (0d 0h 26m 10s)

